[[1;34mINFO[m] Scanning for projects...
[[1;34mINFO[m] 
[[1;34mINFO[m] [1m---------------------< [0;36mde.htwsaar.minicdn:router[0;1m >----------------------[m
[[1;34mINFO[m] [1mBuilding mini-cdn-router 1.0-SNAPSHOT[m
[[1;34mINFO[m] [1m--------------------------------[ jar ]---------------------------------[m
[[1;34mINFO[m] 
[[1;34mINFO[m] [1m>>> [0;32mspring-boot-maven-plugin:3.2.5:run[m [1m(default-cli)[0;1m > [0;1mtest-compile[m @ [36mrouter[0;1m >>>[m
[[1;34mINFO[m] 
[[1;34mINFO[m] [1m--- [0;32mmaven-resources-plugin:2.6:resources[m [1m(default-resources)[m @ [36mrouter[0;1m ---[m
[[1;34mINFO[m] Using 'UTF-8' encoding to copy filtered resources.
[[1;34mINFO[m] Copying 3 resources
[[1;34mINFO[m] 
[[1;34mINFO[m] [1m--- [0;32mmaven-compiler-plugin:3.14.1:compile[m [1m(default-compile)[m @ [36mrouter[0;1m ---[m
[[1;34mINFO[m] Nothing to compile - all classes are up to date.
[[1;34mINFO[m] 
[[1;34mINFO[m] [1m--- [0;32mmaven-resources-plugin:2.6:testResources[m [1m(default-testResources)[m @ [36mrouter[0;1m ---[m
[[1;34mINFO[m] Using 'UTF-8' encoding to copy filtered resources.
[[1;34mINFO[m] skip non existing resourceDirectory /home/valle/Desktop/New Folder/gruppe-08-mini-cdn/router/src/test/resources
[[1;34mINFO[m] 
[[1;34mINFO[m] [1m--- [0;32mmaven-compiler-plugin:3.14.1:testCompile[m [1m(default-testCompile)[m @ [36mrouter[0;1m ---[m
[[1;34mINFO[m] Nothing to compile - all classes are up to date.
[[1;34mINFO[m] 
[[1;34mINFO[m] [1m<<< [0;32mspring-boot-maven-plugin:3.2.5:run[m [1m(default-cli)[0;1m < [0;1mtest-compile[m @ [36mrouter[0;1m <<<[m
[[1;34mINFO[m] 
[[1;34mINFO[m] 
[[1;34mINFO[m] [1m--- [0;32mspring-boot-maven-plugin:3.2.5:run[m [1m(default-cli)[m @ [36mrouter[0;1m ---[m
[[1;34mINFO[m] Attaching agents: []

  .   ____          _            __ _ _
 /\\ / ___'_ __ _ _(_)_ __  __ _ \ \ \ \
( ( )\___ | '_ | '_| | '_ \/ _` | \ \ \ \
 \\/  ___)| |_)| | | | | || (_| |  ) ) ) )
  '  |____| .__|_| |_|_| |_\__, | / / / /
 =========|_|==============|___/=/_/_/_/
 :: Spring Boot ::                (v3.2.5)

{"timestamp":"2026-02-18 16:05:49,263","level":"INFO","traceId":"","logger":"de.htwsaar.minicdn.router.RouterApp","message":"Starting RouterApp using Java 21.0.10 with PID 152098 (/home/valle/Desktop/New Folder/gruppe-08-mini-cdn/router/target/classes started by valle in /home/valle/Desktop/New Folder/gruppe-08-mini-cdn/router)"}
{"timestamp":"2026-02-18 16:05:49,264","level":"INFO","traceId":"","logger":"de.htwsaar.minicdn.router.RouterApp","message":"The following 1 profile is active: "cdn""}
{"timestamp":"2026-02-18 16:05:49,775","level":"INFO","traceId":"","logger":"org.springframework.boot.web.embedded.tomcat.TomcatWebServer","message":"Tomcat initialized with port 8082 (http)"}
{"timestamp":"2026-02-18 16:05:49,780","level":"INFO","traceId":"","logger":"org.apache.coyote.http11.Http11NioProtocol","message":"Initializing ProtocolHandler ["http-nio-8082"]"}
{"timestamp":"2026-02-18 16:05:49,781","level":"INFO","traceId":"","logger":"org.apache.catalina.core.StandardService","message":"Starting service [Tomcat]"}
{"timestamp":"2026-02-18 16:05:49,781","level":"INFO","traceId":"","logger":"org.apache.catalina.core.StandardEngine","message":"Starting Servlet engine: [Apache Tomcat/10.1.20]"}
{"timestamp":"2026-02-18 16:05:49,802","level":"INFO","traceId":"","logger":"org.apache.catalina.core.ContainerBase.[Tomcat].[localhost].[/]","message":"Initializing Spring embedded WebApplicationContext"}
{"timestamp":"2026-02-18 16:05:49,803","level":"INFO","traceId":"","logger":"org.springframework.boot.web.servlet.context.ServletWebServerApplicationContext","message":"Root WebApplicationContext: initialization completed in 519 ms"}
{"timestamp":"2026-02-18 16:05:50,006","level":"INFO","traceId":"","logger":"org.apache.coyote.http11.Http11NioProtocol","message":"Starting ProtocolHandler ["http-nio-8082"]"}
{"timestamp":"2026-02-18 16:05:50,012","level":"INFO","traceId":"","logger":"org.springframework.boot.web.embedded.tomcat.TomcatWebServer","message":"Tomcat started on port 8082 (http) with context path ''"}
{"timestamp":"2026-02-18 16:05:50,016","level":"INFO","traceId":"","logger":"de.htwsaar.minicdn.router.RouterApp","message":"Started RouterApp in 0.951 seconds (process running for 1.071)"}
{"timestamp":"2026-02-18 16:06:06,036","level":"INFO","traceId":"","logger":"org.apache.catalina.core.ContainerBase.[Tomcat].[localhost].[/]","message":"Initializing Spring DispatcherServlet 'dispatcherServlet'"}
{"timestamp":"2026-02-18 16:06:06,036","level":"INFO","traceId":"","logger":"org.springframework.web.servlet.DispatcherServlet","message":"Initializing Servlet 'dispatcherServlet'"}
{"timestamp":"2026-02-18 16:06:06,037","level":"INFO","traceId":"","logger":"org.springframework.web.servlet.DispatcherServlet","message":"Completed initialization in 1 ms"}
[[1;34mINFO[m] [1m------------------------------------------------------------------------[m
[[1;34mINFO[m] [1;31mBUILD FAILURE[m
[[1;34mINFO[m] [1m------------------------------------------------------------------------[m
[[1;34mINFO[m] Total time:  11:04 min
[[1;34mINFO[m] Finished at: 2026-02-18T16:16:52+01:00
[[1;34mINFO[m] [1m------------------------------------------------------------------------[m
[[1;31mERROR[m] Failed to execute goal [32morg.springframework.boot:spring-boot-maven-plugin:3.2.5:run[m [1m(default-cli)[m on project [36mrouter[m: [1;31mProcess terminated with exit code: 143[m -> [1m[Help 1][m
[[1;31mERROR[m] 
[[1;31mERROR[m] To see the full stack trace of the errors, re-run Maven with the [1m-e[m switch.
[[1;31mERROR[m] Re-run Maven using the [1m-X[m switch to enable full debug logging.
[[1;31mERROR[m] 
[[1;31mERROR[m] For more information about the errors and possible solutions, please read the following articles:
[[1;31mERROR[m] [1m[Help 1][m http://cwiki.apache.org/confluence/display/MAVEN/MojoExecutionException
